
16:43:50.076 TRACE si.vv.pokebola.compiladoido.PascalSemanticActions 197 identifierList - entry
16:43:50.077 TRACE si.vv.pokebola.compiladoido.PascalSemanticActions 199 identifierList - exit
16:43:50.077 TRACE si.vv.pokebola.compiladoido.PascalSemanticActions 36 programHeader - entry
16:43:50.078 TRACE si.vv.pokebola.compiladoido.PascalSemanticActions 38 programHeader - exit
16:43:50.082 TRACE si.vv.pokebola.compiladoido.PascalSemanticActions 123 type - entry
16:43:50.082 TRACE si.vv.pokebola.compiladoido.PascalSemanticActions 125 type - exit
16:43:50.084 TRACE si.vv.pokebola.compiladoido.PascalSemanticActions 135 variableModifiers - entry
16:43:50.086 TRACE si.vv.pokebola.compiladoido.PascalSemanticActions 137 variableModifiers - exit
16:43:50.087 TRACE si.vv.pokebola.compiladoido.PascalSemanticActions 205 hintDirective - entry
16:43:50.087 TRACE si.vv.pokebola.compiladoido.PascalSemanticActions 207 hintDirective - exit
16:43:50.088 TRACE si.vv.pokebola.compiladoido.PascalSemanticActions 92 variableDeclaration - entry
16:43:50.089 TRACE si.vv.pokebola.compiladoido.PascalSemanticActions 119 variableDeclaration - exit
16:43:50.090 TRACE si.vv.pokebola.compiladoido.PascalSemanticActions 73 variableDeclarationPart - entry
16:43:50.090 TRACE si.vv.pokebola.compiladoido.PascalSemanticActions 75 variableDeclarationPart - exit
16:43:50.095 TRACE si.vv.pokebola.compiladoido.PascalSemanticActions 197 identifierList - entry
16:43:50.095 TRACE si.vv.pokebola.compiladoido.PascalSemanticActions 199 identifierList - exit
16:43:50.097 TRACE si.vv.pokebola.compiladoido.PascalSemanticActions 123 type - entry
16:43:50.097 TRACE si.vv.pokebola.compiladoido.PascalSemanticActions 125 type - exit
16:43:50.098 TRACE si.vv.pokebola.compiladoido.PascalSemanticActions 191 variableParameter - entry
16:43:50.099 TRACE si.vv.pokebola.compiladoido.PascalSemanticActions 193 variableParameter - exit
16:43:50.101 TRACE si.vv.pokebola.compiladoido.PascalSemanticActions 179 parameterDeclaration - entry
16:43:50.101 TRACE si.vv.pokebola.compiladoido.PascalSemanticActions 181 parameterDeclaration - exit
16:43:50.106 TRACE si.vv.pokebola.compiladoido.PascalSemanticActions 173 formalParameterList - entry
16:43:50.107 TRACE si.vv.pokebola.compiladoido.PascalSemanticActions 175 formalParameterList - exit
16:43:50.112 TRACE si.vv.pokebola.compiladoido.PascalSemanticActions 205 hintDirective - entry
16:43:50.113 TRACE si.vv.pokebola.compiladoido.PascalSemanticActions 207 hintDirective - exit
16:43:50.120 TRACE si.vv.pokebola.compiladoido.PascalSemanticActions 123 type - entry
16:43:50.120 TRACE si.vv.pokebola.compiladoido.PascalSemanticActions 125 type - exit
16:43:50.122 TRACE si.vv.pokebola.compiladoido.PascalSemanticActions 135 variableModifiers - entry
16:43:50.122 TRACE si.vv.pokebola.compiladoido.PascalSemanticActions 137 variableModifiers - exit
16:43:50.123 TRACE si.vv.pokebola.compiladoido.PascalSemanticActions 205 hintDirective - entry
16:43:50.123 TRACE si.vv.pokebola.compiladoido.PascalSemanticActions 207 hintDirective - exit
16:43:50.124 TRACE si.vv.pokebola.compiladoido.PascalSemanticActions 92 variableDeclaration - entry
16:43:50.124 TRACE si.vv.pokebola.compiladoido.PascalSemanticActions 119 variableDeclaration - exit
16:43:50.127 TRACE si.vv.pokebola.compiladoido.PascalSemanticActions 73 variableDeclarationPart - entry
16:43:50.127 TRACE si.vv.pokebola.compiladoido.PascalSemanticActions 75 variableDeclarationPart - exit
16:43:50.167 TRACE si.vv.pokebola.compiladoido.PascalSemanticActions 229 factor - entry
16:43:50.168 TRACE si.vv.pokebola.compiladoido.PascalSemanticActions 231 factor - exit
16:43:50.175 TRACE si.vv.pokebola.compiladoido.PascalSemanticActions 223 term - entry
16:43:50.176 TRACE si.vv.pokebola.compiladoido.PascalSemanticActions 225 term - exit
16:43:50.178 TRACE si.vv.pokebola.compiladoido.PascalSemanticActions 217 simpleExpression - entry
16:43:50.179 TRACE si.vv.pokebola.compiladoido.PascalSemanticActions 219 simpleExpression - exit
16:43:50.181 TRACE si.vv.pokebola.compiladoido.PascalSemanticActions 211 expression - entry
16:43:50.181 TRACE si.vv.pokebola.compiladoido.PascalSemanticActions 213 expression - exit
16:43:50.182 TRACE si.vv.pokebola.compiladoido.PascalSemanticActions 291 assignmentStatement - entry
16:43:50.182 TRACE si.vv.pokebola.compiladoido.PascalSemanticActions 293 assignmentStatement - exit
16:43:50.183 TRACE si.vv.pokebola.compiladoido.PascalSemanticActions 265 simpleStatement - entry
16:43:50.183 TRACE si.vv.pokebola.compiladoido.PascalSemanticActions 267 simpleStatement - exit
16:43:50.184 TRACE si.vv.pokebola.compiladoido.PascalSemanticActions 259 statement - entry
16:43:50.184 TRACE si.vv.pokebola.compiladoido.PascalSemanticActions 261 statement - exit
16:43:50.190 TRACE si.vv.pokebola.compiladoido.PascalSemanticActions 229 factor - entry
16:43:50.190 TRACE si.vv.pokebola.compiladoido.PascalSemanticActions 231 factor - exit
16:43:50.193 TRACE si.vv.pokebola.compiladoido.PascalSemanticActions 223 term - entry
16:43:50.193 TRACE si.vv.pokebola.compiladoido.PascalSemanticActions 225 term - exit
16:43:50.195 TRACE si.vv.pokebola.compiladoido.PascalSemanticActions 217 simpleExpression - entry
16:43:50.195 TRACE si.vv.pokebola.compiladoido.PascalSemanticActions 219 simpleExpression - exit
16:43:50.198 TRACE si.vv.pokebola.compiladoido.PascalSemanticActions 211 expression - entry
16:43:50.198 TRACE si.vv.pokebola.compiladoido.PascalSemanticActions 213 expression - exit
16:43:50.199 TRACE si.vv.pokebola.compiladoido.PascalSemanticActions 303 actualParameterList - entry
16:43:50.199 TRACE si.vv.pokebola.compiladoido.PascalSemanticActions 305 actualParameterList - exit
16:43:50.200 TRACE si.vv.pokebola.compiladoido.PascalSemanticActions 297 procedureStatement - entry
16:43:50.200 TRACE si.vv.pokebola.compiladoido.PascalSemanticActions 299 procedureStatement - exit
16:43:50.201 TRACE si.vv.pokebola.compiladoido.PascalSemanticActions 265 simpleStatement - entry
16:43:50.201 TRACE si.vv.pokebola.compiladoido.PascalSemanticActions 267 simpleStatement - exit
16:43:50.201 TRACE si.vv.pokebola.compiladoido.PascalSemanticActions 259 statement - entry
16:43:50.202 TRACE si.vv.pokebola.compiladoido.PascalSemanticActions 261 statement - exit
16:43:50.207 TRACE si.vv.pokebola.compiladoido.PascalSemanticActions 229 factor - entry
16:43:50.208 TRACE si.vv.pokebola.compiladoido.PascalSemanticActions 231 factor - exit
16:43:50.210 TRACE si.vv.pokebola.compiladoido.PascalSemanticActions 223 term - entry
16:43:50.210 TRACE si.vv.pokebola.compiladoido.PascalSemanticActions 225 term - exit
16:43:50.212 TRACE si.vv.pokebola.compiladoido.PascalSemanticActions 217 simpleExpression - entry
16:43:50.212 TRACE si.vv.pokebola.compiladoido.PascalSemanticActions 219 simpleExpression - exit
16:43:50.214 TRACE si.vv.pokebola.compiladoido.PascalSemanticActions 211 expression - entry
16:43:50.215 TRACE si.vv.pokebola.compiladoido.PascalSemanticActions 213 expression - exit
16:43:50.216 TRACE si.vv.pokebola.compiladoido.PascalSemanticActions 303 actualParameterList - entry
16:43:50.216 TRACE si.vv.pokebola.compiladoido.PascalSemanticActions 305 actualParameterList - exit
16:43:50.216 TRACE si.vv.pokebola.compiladoido.PascalSemanticActions 297 procedureStatement - entry
16:43:50.217 TRACE si.vv.pokebola.compiladoido.PascalSemanticActions 299 procedureStatement - exit
16:43:50.217 TRACE si.vv.pokebola.compiladoido.PascalSemanticActions 265 simpleStatement - entry
16:43:50.217 TRACE si.vv.pokebola.compiladoido.PascalSemanticActions 267 simpleStatement - exit
16:43:50.218 TRACE si.vv.pokebola.compiladoido.PascalSemanticActions 259 statement - entry
16:43:50.218 TRACE si.vv.pokebola.compiladoido.PascalSemanticActions 261 statement - exit
16:43:50.240 TRACE si.vv.pokebola.compiladoido.PascalSemanticActions 259 statement - entry
16:43:50.240 TRACE si.vv.pokebola.compiladoido.PascalSemanticActions 261 statement - exit
16:43:50.241 TRACE si.vv.pokebola.compiladoido.PascalSemanticActions 317 compoundStatement - entry
16:43:50.242 TRACE si.vv.pokebola.compiladoido.PascalSemanticActions 319 compoundStatement - exit
16:43:50.242 TRACE si.vv.pokebola.compiladoido.PascalSemanticActions 154 subroutineBlock - entry
16:43:50.242 TRACE si.vv.pokebola.compiladoido.PascalSemanticActions 156 subroutineBlock - exit
16:43:50.243 TRACE si.vv.pokebola.compiladoido.PascalSemanticActions 148 procedureDeclaration - entry
16:43:50.243 TRACE si.vv.pokebola.compiladoido.PascalSemanticActions 150 procedureDeclaration - exit
16:43:50.246 TRACE si.vv.pokebola.compiladoido.PascalSemanticActions 79 procedureFuncionDeclarationPart - entry
16:43:50.246 TRACE si.vv.pokebola.compiladoido.PascalSemanticActions 81 procedureFuncionDeclarationPart - exit
16:43:50.246 TRACE si.vv.pokebola.compiladoido.PascalSemanticActions 67 declarationPart - entry
16:43:50.246 TRACE si.vv.pokebola.compiladoido.PascalSemanticActions 69 declarationPart - exit
16:43:50.251 TRACE si.vv.pokebola.compiladoido.PascalSemanticActions 229 factor - entry
16:43:50.252 TRACE si.vv.pokebola.compiladoido.PascalSemanticActions 231 factor - exit
16:43:50.253 TRACE si.vv.pokebola.compiladoido.PascalSemanticActions 223 term - entry
16:43:50.254 TRACE si.vv.pokebola.compiladoido.PascalSemanticActions 225 term - exit
16:43:50.255 TRACE si.vv.pokebola.compiladoido.PascalSemanticActions 217 simpleExpression - entry
16:43:50.256 TRACE si.vv.pokebola.compiladoido.PascalSemanticActions 219 simpleExpression - exit
16:43:50.257 TRACE si.vv.pokebola.compiladoido.PascalSemanticActions 211 expression - entry
16:43:50.257 TRACE si.vv.pokebola.compiladoido.PascalSemanticActions 213 expression - exit
16:43:50.259 TRACE si.vv.pokebola.compiladoido.PascalSemanticActions 303 actualParameterList - entry
16:43:50.259 TRACE si.vv.pokebola.compiladoido.PascalSemanticActions 305 actualParameterList - exit
16:43:50.259 TRACE si.vv.pokebola.compiladoido.PascalSemanticActions 297 procedureStatement - entry
16:43:50.259 TRACE si.vv.pokebola.compiladoido.PascalSemanticActions 299 procedureStatement - exit
16:43:50.260 TRACE si.vv.pokebola.compiladoido.PascalSemanticActions 265 simpleStatement - entry
16:43:50.260 TRACE si.vv.pokebola.compiladoido.PascalSemanticActions 267 simpleStatement - exit
16:43:50.261 TRACE si.vv.pokebola.compiladoido.PascalSemanticActions 259 statement - entry
16:43:50.261 TRACE si.vv.pokebola.compiladoido.PascalSemanticActions 261 statement - exit
16:43:50.277 TRACE si.vv.pokebola.compiladoido.PascalSemanticActions 259 statement - entry
16:43:50.278 TRACE si.vv.pokebola.compiladoido.PascalSemanticActions 261 statement - exit
16:43:50.279 TRACE si.vv.pokebola.compiladoido.PascalSemanticActions 317 compoundStatement - entry
16:43:50.279 TRACE si.vv.pokebola.compiladoido.PascalSemanticActions 319 compoundStatement - exit
16:43:50.279 TRACE si.vv.pokebola.compiladoido.PascalSemanticActions 61 block - entry
16:43:50.280 TRACE si.vv.pokebola.compiladoido.PascalSemanticActions 63 block - exit
16:43:50.280 TRACE si.vv.pokebola.compiladoido.PascalSemanticActions 30 program - entry
16:43:50.281 TRACE si.vv.pokebola.compiladoido.PascalSemanticActions 32 program - exit
16:43:50.693 TRACE si.vv.pokebola.compiladoido.PascalSemanticActions 36 programHeader - entry
16:43:50.693 TRACE si.vv.pokebola.compiladoido.PascalSemanticActions 38 programHeader - exit
16:43:50.697 TRACE si.vv.pokebola.compiladoido.PascalSemanticActions 79 procedureFuncionDeclarationPart - entry
16:43:50.700 TRACE si.vv.pokebola.compiladoido.PascalSemanticActions 81 procedureFuncionDeclarationPart - exit
16:43:50.701 TRACE si.vv.pokebola.compiladoido.PascalSemanticActions 67 declarationPart - entry
16:43:50.701 TRACE si.vv.pokebola.compiladoido.PascalSemanticActions 69 declarationPart - exit
16:43:50.718 TRACE si.vv.pokebola.compiladoido.PascalSemanticActions 259 statement - entry
16:43:50.718 TRACE si.vv.pokebola.compiladoido.PascalSemanticActions 261 statement - exit
16:43:50.719 TRACE si.vv.pokebola.compiladoido.PascalSemanticActions 317 compoundStatement - entry
16:43:50.719 TRACE si.vv.pokebola.compiladoido.PascalSemanticActions 319 compoundStatement - exit
16:43:50.722 TRACE si.vv.pokebola.compiladoido.PascalSemanticActions 61 block - entry
16:43:50.722 TRACE si.vv.pokebola.compiladoido.PascalSemanticActions 63 block - exit
16:43:50.724 TRACE si.vv.pokebola.compiladoido.PascalSemanticActions 30 program - entry
16:43:50.724 TRACE si.vv.pokebola.compiladoido.PascalSemanticActions 32 program - exit
16:43:50.859 TRACE si.vv.pokebola.compiladoido.PascalSemanticActions 197 identifierList - entry
16:43:50.859 TRACE si.vv.pokebola.compiladoido.PascalSemanticActions 199 identifierList - exit
16:43:50.860 TRACE si.vv.pokebola.compiladoido.PascalSemanticActions 36 programHeader - entry
16:43:50.860 TRACE si.vv.pokebola.compiladoido.PascalSemanticActions 38 programHeader - exit
16:43:50.880 TRACE si.vv.pokebola.compiladoido.PascalSemanticActions 123 type - entry
16:43:50.880 TRACE si.vv.pokebola.compiladoido.PascalSemanticActions 125 type - exit
16:43:50.882 TRACE si.vv.pokebola.compiladoido.PascalSemanticActions 135 variableModifiers - entry
16:43:50.882 TRACE si.vv.pokebola.compiladoido.PascalSemanticActions 137 variableModifiers - exit
16:43:50.883 TRACE si.vv.pokebola.compiladoido.PascalSemanticActions 205 hintDirective - entry
16:43:50.883 TRACE si.vv.pokebola.compiladoido.PascalSemanticActions 207 hintDirective - exit
16:43:50.891 TRACE si.vv.pokebola.compiladoido.PascalSemanticActions 92 variableDeclaration - entry
16:43:50.891 TRACE si.vv.pokebola.compiladoido.PascalSemanticActions 119 variableDeclaration - exit
16:43:50.897 TRACE si.vv.pokebola.compiladoido.PascalSemanticActions 73 variableDeclarationPart - entry
16:43:50.897 TRACE si.vv.pokebola.compiladoido.PascalSemanticActions 75 variableDeclarationPart - exit
16:43:50.902 TRACE si.vv.pokebola.compiladoido.PascalSemanticActions 197 identifierList - entry
16:43:50.902 TRACE si.vv.pokebola.compiladoido.PascalSemanticActions 199 identifierList - exit
16:43:50.928 TRACE si.vv.pokebola.compiladoido.PascalSemanticActions 123 type - entry
16:43:50.928 TRACE si.vv.pokebola.compiladoido.PascalSemanticActions 125 type - exit
16:43:50.929 TRACE si.vv.pokebola.compiladoido.PascalSemanticActions 191 variableParameter - entry
16:43:50.930 TRACE si.vv.pokebola.compiladoido.PascalSemanticActions 193 variableParameter - exit
16:43:50.930 TRACE si.vv.pokebola.compiladoido.PascalSemanticActions 179 parameterDeclaration - entry
16:43:50.930 TRACE si.vv.pokebola.compiladoido.PascalSemanticActions 181 parameterDeclaration - exit
16:43:50.931 TRACE si.vv.pokebola.compiladoido.PascalSemanticActions 173 formalParameterList - entry
16:43:50.932 TRACE si.vv.pokebola.compiladoido.PascalSemanticActions 175 formalParameterList - exit
16:43:50.940 TRACE si.vv.pokebola.compiladoido.PascalSemanticActions 205 hintDirective - entry
16:43:50.941 TRACE si.vv.pokebola.compiladoido.PascalSemanticActions 207 hintDirective - exit
16:43:50.952 TRACE si.vv.pokebola.compiladoido.PascalSemanticActions 123 type - entry
16:43:50.953 TRACE si.vv.pokebola.compiladoido.PascalSemanticActions 125 type - exit
16:43:50.955 TRACE si.vv.pokebola.compiladoido.PascalSemanticActions 135 variableModifiers - entry
16:43:50.955 TRACE si.vv.pokebola.compiladoido.PascalSemanticActions 137 variableModifiers - exit
16:43:50.957 TRACE si.vv.pokebola.compiladoido.PascalSemanticActions 205 hintDirective - entry
16:43:50.957 TRACE si.vv.pokebola.compiladoido.PascalSemanticActions 207 hintDirective - exit
16:43:50.958 TRACE si.vv.pokebola.compiladoido.PascalSemanticActions 92 variableDeclaration - entry
16:43:50.958 TRACE si.vv.pokebola.compiladoido.PascalSemanticActions 119 variableDeclaration - exit
16:43:50.959 TRACE si.vv.pokebola.compiladoido.PascalSemanticActions 73 variableDeclarationPart - entry
16:43:50.959 TRACE si.vv.pokebola.compiladoido.PascalSemanticActions 75 variableDeclarationPart - exit
16:43:51.026 TRACE si.vv.pokebola.compiladoido.PascalSemanticActions 229 factor - entry
16:43:51.026 TRACE si.vv.pokebola.compiladoido.PascalSemanticActions 231 factor - exit
16:43:51.028 TRACE si.vv.pokebola.compiladoido.PascalSemanticActions 223 term - entry
16:43:51.029 TRACE si.vv.pokebola.compiladoido.PascalSemanticActions 225 term - exit
16:43:51.037 TRACE si.vv.pokebola.compiladoido.PascalSemanticActions 217 simpleExpression - entry
16:43:51.038 TRACE si.vv.pokebola.compiladoido.PascalSemanticActions 219 simpleExpression - exit
16:43:51.039 TRACE si.vv.pokebola.compiladoido.PascalSemanticActions 211 expression - entry
16:43:51.039 TRACE si.vv.pokebola.compiladoido.PascalSemanticActions 213 expression - exit
16:43:51.040 TRACE si.vv.pokebola.compiladoido.PascalSemanticActions 291 assignmentStatement - entry
16:43:51.040 TRACE si.vv.pokebola.compiladoido.PascalSemanticActions 293 assignmentStatement - exit
16:43:51.041 TRACE si.vv.pokebola.compiladoido.PascalSemanticActions 265 simpleStatement - entry
16:43:51.041 TRACE si.vv.pokebola.compiladoido.PascalSemanticActions 267 simpleStatement - exit
16:43:51.050 TRACE si.vv.pokebola.compiladoido.PascalSemanticActions 259 statement - entry
16:43:51.050 TRACE si.vv.pokebola.compiladoido.PascalSemanticActions 261 statement - exit
16:43:51.064 TRACE si.vv.pokebola.compiladoido.PascalSemanticActions 229 factor - entry
16:43:51.065 TRACE si.vv.pokebola.compiladoido.PascalSemanticActions 231 factor - exit
16:43:51.074 TRACE si.vv.pokebola.compiladoido.PascalSemanticActions 223 term - entry
16:43:51.074 TRACE si.vv.pokebola.compiladoido.PascalSemanticActions 225 term - exit
16:43:51.076 TRACE si.vv.pokebola.compiladoido.PascalSemanticActions 217 simpleExpression - entry
16:43:51.076 TRACE si.vv.pokebola.compiladoido.PascalSemanticActions 219 simpleExpression - exit
16:43:51.080 TRACE si.vv.pokebola.compiladoido.PascalSemanticActions 211 expression - entry
16:43:51.080 TRACE si.vv.pokebola.compiladoido.PascalSemanticActions 213 expression - exit
16:43:51.081 TRACE si.vv.pokebola.compiladoido.PascalSemanticActions 303 actualParameterList - entry
16:43:51.082 TRACE si.vv.pokebola.compiladoido.PascalSemanticActions 305 actualParameterList - exit
16:43:51.082 TRACE si.vv.pokebola.compiladoido.PascalSemanticActions 297 procedureStatement - entry
16:43:51.082 TRACE si.vv.pokebola.compiladoido.PascalSemanticActions 299 procedureStatement - exit
16:43:51.083 TRACE si.vv.pokebola.compiladoido.PascalSemanticActions 265 simpleStatement - entry
16:43:51.083 TRACE si.vv.pokebola.compiladoido.PascalSemanticActions 267 simpleStatement - exit
16:43:51.084 TRACE si.vv.pokebola.compiladoido.PascalSemanticActions 259 statement - entry
16:43:51.084 TRACE si.vv.pokebola.compiladoido.PascalSemanticActions 261 statement - exit
16:43:51.098 TRACE si.vv.pokebola.compiladoido.PascalSemanticActions 229 factor - entry
16:43:51.099 TRACE si.vv.pokebola.compiladoido.PascalSemanticActions 231 factor - exit
16:43:51.101 TRACE si.vv.pokebola.compiladoido.PascalSemanticActions 223 term - entry
16:43:51.102 TRACE si.vv.pokebola.compiladoido.PascalSemanticActions 225 term - exit
16:43:51.103 TRACE si.vv.pokebola.compiladoido.PascalSemanticActions 217 simpleExpression - entry
16:43:51.104 TRACE si.vv.pokebola.compiladoido.PascalSemanticActions 219 simpleExpression - exit
16:43:51.105 TRACE si.vv.pokebola.compiladoido.PascalSemanticActions 211 expression - entry
16:43:51.106 TRACE si.vv.pokebola.compiladoido.PascalSemanticActions 213 expression - exit
16:43:51.107 TRACE si.vv.pokebola.compiladoido.PascalSemanticActions 303 actualParameterList - entry
16:43:51.107 TRACE si.vv.pokebola.compiladoido.PascalSemanticActions 305 actualParameterList - exit
16:43:51.108 TRACE si.vv.pokebola.compiladoido.PascalSemanticActions 297 procedureStatement - entry
16:43:51.112 TRACE si.vv.pokebola.compiladoido.PascalSemanticActions 299 procedureStatement - exit
16:43:51.112 TRACE si.vv.pokebola.compiladoido.PascalSemanticActions 265 simpleStatement - entry
16:43:51.113 TRACE si.vv.pokebola.compiladoido.PascalSemanticActions 267 simpleStatement - exit
16:43:51.113 TRACE si.vv.pokebola.compiladoido.PascalSemanticActions 259 statement - entry
16:43:51.113 TRACE si.vv.pokebola.compiladoido.PascalSemanticActions 261 statement - exit
16:43:51.168 TRACE si.vv.pokebola.compiladoido.PascalSemanticActions 259 statement - entry
16:43:51.168 TRACE si.vv.pokebola.compiladoido.PascalSemanticActions 261 statement - exit
16:43:51.169 TRACE si.vv.pokebola.compiladoido.PascalSemanticActions 317 compoundStatement - entry
16:43:51.169 TRACE si.vv.pokebola.compiladoido.PascalSemanticActions 319 compoundStatement - exit
16:43:51.172 TRACE si.vv.pokebola.compiladoido.PascalSemanticActions 154 subroutineBlock - entry
16:43:51.173 TRACE si.vv.pokebola.compiladoido.PascalSemanticActions 156 subroutineBlock - exit
16:43:51.175 TRACE si.vv.pokebola.compiladoido.PascalSemanticActions 148 procedureDeclaration - entry
16:43:51.175 TRACE si.vv.pokebola.compiladoido.PascalSemanticActions 150 procedureDeclaration - exit
16:43:51.177 TRACE si.vv.pokebola.compiladoido.PascalSemanticActions 79 procedureFuncionDeclarationPart - entry
16:43:51.177 TRACE si.vv.pokebola.compiladoido.PascalSemanticActions 81 procedureFuncionDeclarationPart - exit
16:43:51.177 TRACE si.vv.pokebola.compiladoido.PascalSemanticActions 67 declarationPart - entry
16:43:51.178 TRACE si.vv.pokebola.compiladoido.PascalSemanticActions 69 declarationPart - exit
16:43:51.185 TRACE si.vv.pokebola.compiladoido.PascalSemanticActions 229 factor - entry
16:43:51.186 TRACE si.vv.pokebola.compiladoido.PascalSemanticActions 231 factor - exit
16:43:51.188 TRACE si.vv.pokebola.compiladoido.PascalSemanticActions 223 term - entry
16:43:51.188 TRACE si.vv.pokebola.compiladoido.PascalSemanticActions 225 term - exit
16:43:51.193 TRACE si.vv.pokebola.compiladoido.PascalSemanticActions 217 simpleExpression - entry
16:43:51.193 TRACE si.vv.pokebola.compiladoido.PascalSemanticActions 219 simpleExpression - exit
16:43:51.195 TRACE si.vv.pokebola.compiladoido.PascalSemanticActions 211 expression - entry
16:43:51.196 TRACE si.vv.pokebola.compiladoido.PascalSemanticActions 213 expression - exit
16:43:51.197 TRACE si.vv.pokebola.compiladoido.PascalSemanticActions 303 actualParameterList - entry
16:43:51.197 TRACE si.vv.pokebola.compiladoido.PascalSemanticActions 305 actualParameterList - exit
16:43:51.198 TRACE si.vv.pokebola.compiladoido.PascalSemanticActions 297 procedureStatement - entry
16:43:51.198 TRACE si.vv.pokebola.compiladoido.PascalSemanticActions 299 procedureStatement - exit
16:43:51.201 TRACE si.vv.pokebola.compiladoido.PascalSemanticActions 265 simpleStatement - entry
16:43:51.204 TRACE si.vv.pokebola.compiladoido.PascalSemanticActions 267 simpleStatement - exit
16:43:51.205 TRACE si.vv.pokebola.compiladoido.PascalSemanticActions 259 statement - entry
16:43:51.205 TRACE si.vv.pokebola.compiladoido.PascalSemanticActions 261 statement - exit
16:43:51.229 TRACE si.vv.pokebola.compiladoido.PascalSemanticActions 259 statement - entry
16:43:51.229 TRACE si.vv.pokebola.compiladoido.PascalSemanticActions 261 statement - exit
16:43:51.230 TRACE si.vv.pokebola.compiladoido.PascalSemanticActions 317 compoundStatement - entry
16:43:51.230 TRACE si.vv.pokebola.compiladoido.PascalSemanticActions 319 compoundStatement - exit
16:43:51.231 TRACE si.vv.pokebola.compiladoido.PascalSemanticActions 61 block - entry
16:43:51.231 TRACE si.vv.pokebola.compiladoido.PascalSemanticActions 63 block - exit
16:43:51.231 TRACE si.vv.pokebola.compiladoido.PascalSemanticActions 30 program - entry
16:43:51.232 TRACE si.vv.pokebola.compiladoido.PascalSemanticActions 32 program - exit
16:43:51.317 TRACE si.vv.pokebola.compiladoido.PascalSemanticActions 36 programHeader - entry
16:43:51.317 TRACE si.vv.pokebola.compiladoido.PascalSemanticActions 38 programHeader - exit
16:43:51.321 TRACE si.vv.pokebola.compiladoido.PascalSemanticActions 79 procedureFuncionDeclarationPart - entry
16:43:51.321 TRACE si.vv.pokebola.compiladoido.PascalSemanticActions 81 procedureFuncionDeclarationPart - exit
16:43:51.322 TRACE si.vv.pokebola.compiladoido.PascalSemanticActions 67 declarationPart - entry
16:43:51.322 TRACE si.vv.pokebola.compiladoido.PascalSemanticActions 69 declarationPart - exit
16:43:51.327 TRACE si.vv.pokebola.compiladoido.PascalSemanticActions 229 factor - entry
16:43:51.328 TRACE si.vv.pokebola.compiladoido.PascalSemanticActions 231 factor - exit
16:43:51.329 TRACE si.vv.pokebola.compiladoido.PascalSemanticActions 223 term - entry
16:43:51.329 TRACE si.vv.pokebola.compiladoido.PascalSemanticActions 225 term - exit
16:43:51.331 TRACE si.vv.pokebola.compiladoido.PascalSemanticActions 217 simpleExpression - entry
16:43:51.331 TRACE si.vv.pokebola.compiladoido.PascalSemanticActions 219 simpleExpression - exit
16:43:51.333 TRACE si.vv.pokebola.compiladoido.PascalSemanticActions 211 expression - entry
16:43:51.333 TRACE si.vv.pokebola.compiladoido.PascalSemanticActions 213 expression - exit
16:43:51.334 TRACE si.vv.pokebola.compiladoido.PascalSemanticActions 303 actualParameterList - entry
16:43:51.334 TRACE si.vv.pokebola.compiladoido.PascalSemanticActions 305 actualParameterList - exit
16:43:51.334 TRACE si.vv.pokebola.compiladoido.PascalSemanticActions 297 procedureStatement - entry
16:43:51.335 TRACE si.vv.pokebola.compiladoido.PascalSemanticActions 299 procedureStatement - exit
16:43:51.335 TRACE si.vv.pokebola.compiladoido.PascalSemanticActions 265 simpleStatement - entry
16:43:51.335 TRACE si.vv.pokebola.compiladoido.PascalSemanticActions 267 simpleStatement - exit
16:43:51.336 TRACE si.vv.pokebola.compiladoido.PascalSemanticActions 259 statement - entry
16:43:51.336 TRACE si.vv.pokebola.compiladoido.PascalSemanticActions 261 statement - exit
16:43:51.337 TRACE si.vv.pokebola.compiladoido.PascalSemanticActions 317 compoundStatement - entry
16:43:51.338 TRACE si.vv.pokebola.compiladoido.PascalSemanticActions 319 compoundStatement - exit
16:43:51.339 TRACE si.vv.pokebola.compiladoido.PascalSemanticActions 61 block - entry
16:43:51.340 TRACE si.vv.pokebola.compiladoido.PascalSemanticActions 63 block - exit
16:43:51.340 TRACE si.vv.pokebola.compiladoido.PascalSemanticActions 30 program - entry
16:43:51.340 TRACE si.vv.pokebola.compiladoido.PascalSemanticActions 32 program - exit
