
		program Mine();
		
		var i : integer;
				 
		procedure Print(var j : integer);
		begin
		end;
				 
		begin Print(i); end.

(*
0.run()^-1
	1.program(PROGRAM)^0
		2.programHeader(PROGRAM_HEADER)^1
			3.program(PROGRAM)^2
			4.Mine(IDENTIFIER)^2
			5.((OPEN_PARENTHESIS)^2
			6.)(CLOSE_PARENTHESIS)^2
		7.;(SEMICOLON)^1
		9.block(BLOCK)^1
			10.declarationPart(DECLARATION_PART)^9
				11.variableDeclarationPart(VAR_DECLARATION_PART)^10
					12.var(VAR)^11
					13.variableDeclaration(VAR_DECLARATION)^11
						14.i(IDENTIFIER)^13
						15.:(COLON)^13
						16.type(TYPE)^13
							17.integer(INTEGER)^16
						18.variableModifiers(VAR_MODIFIERS)^13
						20.hintDirective(HINT_DIRECTIVE)^13
						21.;(SEMICOLON)^13
				23.procedureFuncionDeclarationPart(PROCEDURE_FUNCTION_DECLARATION_PART)^10
					24.procedureDeclaration(PROCEDURE_DECLARATION)^23
						25.procedure(PROCEDURE)^24
						26.Print(IDENTIFIER)^24
						27.formalParameterList(FORMAL_PARAMETER_LIST)^24
							28.((OPEN_PARENTHESIS)^27
							29.parameterDeclaration(PARAMETER_DECLARATION)^27
								32.variableParameter(VARIABLE_PARAMETER)^29
									33.var(VAR)^32
									34.identifierList(IDENTIFIER_LIST)^32
										35.j(IDENTIFIER)^34
									36.:(COLON)^32
									37.type(TYPE)^32
										38.integer(INTEGER)^37
							39.)(CLOSE_PARENTHESIS)^27
						40.hintDirective(HINT_DIRECTIVE)^24
						41.;(SEMICOLON)^24
						42.subroutineBlock(SUBROTINE_BLOCK)^24
							43.compoundStatement(COMPOUND_STATEMENT)^42
								44.begin(BEGIN)^43
								46.end(END)^43
						47.;(SEMICOLON)^24
			51.compoundStatement(COMPOUND_STATEMENT)^9
				52.begin(BEGIN)^51
				53.cmd()^51
					54.lista_arg()^53
						55.argumentos()^54
							56.maisIDs()^55
				57.;(SEMICOLON)^51
				59.end(END)^51
		60..(POINT)^1
